TOP BIGRAMS
mobile app
account balance
companion app
credit card
desktop version
bank account
cloud service
quicken user
real time
app app
app mobile
app store
cash flow
desktop app
desktop software
investment account
multiple time
quicken mobile
receipt capture
running balance
support support
work fine
checking account
current balance
customer service
customer support
desk top
financial software
intuit intuit
login info
long time
mobile application
mobile support
online banking
photo receipt
quicken app
quicken quicken
receipt image
tech support
version work
ability correct
account account
account complete
account full
account login
account register
account setup
app accurate
app financial
app login

TOP TRIGRAMS
app mobile app
app financial software
app store mobile
desk top version
mobile app mobile
mobile application work
transaction real time
'american express loading
'cloud sync sync
'd transaction adding
'foreign currency enable
'm app multiple
'm sarcasm read
'm viable alternative
+++++++++++++++++updated hoping journal
-my login detail
.1b steer clear
.good luck cmon
.it stunk .the
.just add check
.nice product product
.qfx file re-downloading
.still signing direct
.the concept true
/or sync account
1-star rating third
1password charge upper
1st problem numerous
2-star product intuitive
2nd picture freeze
3rd generation ipod
3rd party keyboard
ability bank savings/checking
ability correct balance
ability correct log
ability hit.- ability
ability receipt.- ability
about.need ability receipt.-
absolute garbage advanced
acccount portable device
access access mobile
access acknowledge number
access future balance
access instant access
access mobile app
access slow sign
access website full
accessory application .just
accommodate separate sign-ins
account account list
