6432
call : 779
3g : 625
help : 499
service : 491
number : 448
get : 436
vodafone : 436
need : 425
network : 401
plan : 360
customer : 348
guy : 343
time : 313
day : 308
want : 303
ur : 284
data : 259
issue : 246
still : 245
know : 234
bill : 225
look : 211
one : 208
got : 204
getting : 198
sm : 193
like : 193
i'm : 191
problem : 191
r : 183
2 : 176
back : 176
phone : 172
check : 170
care : 167
even : 167
thanks : 158
say : 156
last : 154
internet : 152
sim : 149
since : 141
pls : 134
speed : 132
pack : 132
it's : 132
complaint : 125
called : 125
month : 124
working : 123

 
 Most Frequent Bigrams
customer  care
3g  plan
3g  service
customer  service
data  plan
happy  help
let  know
look  like
3g  data
3g  speed
network  issue
sim  card
3g  network
call  back
get  back
pay  bill
3  day
vodafone  store
need  help
got  call
2  day
data  pack
data  usage
get  touch
someone  call
what's  wrong
get  call
many  time
international  roaming
missed  call
service  provider
looking  forward
spam  sm
still  getting
data  service
much  time
ur  network
vodafone  3g
5  day
doesn't  work
every  time
network  problem
ur  customer
micro  sim
need  call
still  waiting
315  people
call  centre
caller  tune
complaint  reached

 
 Most Frequent Trigrams
315 people view
complaint reached 315
people view respond
public complaint reached
reached 315 people
view respond gripe/3736744t
customer care executive
much time take
3g data plan
customer care help
much needed break
tauba re tauba
#madefor much needed
3g data pack
3g data usage
call customer care
haven't received call
last 3 day
want superfan #vodafonespeedquiz
would like know
3 day back
another service provider
guy really need
pay bill online
ur customer care
visit vodafone store
3g service mumbai
5 sm one
able access internet
balance getting deducted
check 3g data
customer care doesn't
customer care number
customer care service
get 3g network
get micro sim
get nano sim
got missed call
got sim replaced
last 2 day
many day take
micro sim card
need call back
new sim card
one called yet
ookla speedtest result
pls let know
sm per day
still getting promotional
trying pay bill
